This is pdfTeX, Version 3.14159265-2.6-1.40.20 (TeX Live 2019/Debian) (preloaded format=latex 2024.3.19)  27 SEP 2024 08:56
entering extended mode
 restricted \write18 enabled.
 %&-line parsing enabled.
**AllQuiz3.tex
(./AllQuiz3.tex
LaTeX2e <2020-02-02> patch level 2
L3 programming layer <2020-02-14>
(/usr/share/texlive/texmf-dist/tex/latex/base/article.cls
Document Class: article 2019/12/20 v1.4l Standard LaTeX document class
(/usr/share/texlive/texmf-dist/tex/latex/base/size12.clo
File: size12.clo 2019/12/20 v1.4l Standard LaTeX file (size option)
)
\c@part=\count167
\c@section=\count168
\c@subsection=\count169
\c@subsubsection=\count170
\c@paragraph=\count171
\c@subparagraph=\count172
\c@figure=\count173
\c@table=\count174
\abovecaptionskip=\skip47
\belowcaptionskip=\skip48
\bibindent=\dimen134
) (./astro.tex
\singlespace=\skip49
\doublespace=\skip50
)
(/usr/share/texlive/texmf-dist/tex/latex/l3backend/l3backend-dvips.def
File: l3backend-dvips.def 2020-02-03 L3 backend support: dvips
\l__pdf_internal_box=\box45
\g__pdf_backend_object_int=\count175
\l__pdf_backend_content_box=\box46
\l__pdf_backend_model_box=\box47
\g__pdf_backend_annotation_int=\count176
\g__pdf_backend_link_int=\count177
\g__pdf_backend_link_sf_int=\count178
)

LaTeX Warning: Unused global option(s):
    [thmsa].

(./AllQuiz3.aux)
\openout1 = `AllQuiz3.aux'.

LaTeX Font Info:    Checking defaults for OML/cmm/m/it on input line 12.
LaTeX Font Info:    ... okay on input line 12.
LaTeX Font Info:    Checking defaults for OMS/cmsy/m/n on input line 12.
LaTeX Font Info:    ... okay on input line 12.
LaTeX Font Info:    Checking defaults for OT1/cmr/m/n on input line 12.
LaTeX Font Info:    ... okay on input line 12.
LaTeX Font Info:    Checking defaults for T1/cmr/m/n on input line 12.
LaTeX Font Info:    ... okay on input line 12.
LaTeX Font Info:    Checking defaults for TS1/cmr/m/n on input line 12.
LaTeX Font Info:    ... okay on input line 12.
LaTeX Font Info:    Checking defaults for OMX/cmex/m/n on input line 12.
LaTeX Font Info:    ... okay on input line 12.
LaTeX Font Info:    Checking defaults for U/cmr/m/n on input line 12.
LaTeX Font Info:    ... okay on input line 12.
LaTeX Font Info:    External font `cmex10' loaded for size
(Font)              <12> on input line 26.
LaTeX Font Info:    External font `cmex10' loaded for size
(Font)              <8> on input line 26.
LaTeX Font Info:    External font `cmex10' loaded for size
(Font)              <6> on input line 26.
 [1

] [2] [3]
Overfull \hbox (0.76999pt too wide) in paragraph at lines 253--255
[]\OT1/cmr/m/n/12 Big Horn Medicine Wheel (b) Cara-col (c) Stone-henge (d) Buck
-min-ster Abbey
 []


Overfull \hbox (15.85043pt too wide) in paragraph at lines 265--268
[]\OT1/cmr/m/n/12 The ``lu-mi-nar-ies" to the Greeks and Ro-mans in-cluded the 
five known plan-ets and the $[]$
 []

[4] (./AllQuiz3.aux) ) 
Here is how much of TeX's memory you used:
 464 strings out of 483108
 6895 string characters out of 5964656
 238033 words of memory out of 5000000
 15557 multiletter control sequences out of 15000+600000
 539836 words of font info for 49 fonts, out of 8000000 for 9000
 59 hyphenation exceptions out of 8191
 24i,4n,21p,152b,236s stack positions out of 5000i,500n,10000p,200000b,80000s

Output written on AllQuiz3.dvi (4 pages, 9148 bytes).
