This file contains any messages produced by compilers while
running configure, to aid debugging if configure makes a mistake.

It was created by exiv2 configure 0.21.1, which was
generated by GNU Autoconf 2.67.  Invocation command line was

  $ ./configure --without-zlib

## --------- ##
## Platform. ##
## --------- ##

hostname = puppis
uname -m = i686
uname -r = 2.6.38-16-generic
uname -s = Linux
uname -v = #67-Ubuntu SMP Thu Sep 6 18:00:43 UTC 2012

/usr/bin/uname -p = unknown
/bin/uname -X     = unknown

/bin/arch              = unknown
/usr/bin/arch -k       = unknown
/usr/convex/getsysinfo = unknown
/usr/bin/hostinfo      = unknown
/bin/machine           = unknown
/usr/bin/oslevel       = unknown
/bin/universe          = unknown

PATH: .
PATH: /home/david/bin
PATH: /sbin
PATH: /bin
PATH: /usr/sbin
PATH: /usr/bin
PATH: /usr/games
PATH: /usr/local/bin
PATH: /usr/local/sbin
PATH: /usr/X11R6/bin
PATH: /usr/local/pgplot


## ----------- ##
## Core tests. ##
## ----------- ##

configure:2669: checking for g++
configure:2685: found /usr/bin/g++
configure:2696: result: g++
configure:2723: checking for C++ compiler version
configure:2732: g++ --version >&5
g++ (Ubuntu/Linaro 4.5.2-8ubuntu4) 4.5.2
Copyright (C) 2010 Free Software Foundation, Inc.
This is free software; see the source for copying conditions.  There is NO
warranty; not even for MERCHANTABILITY or FITNESS FOR A PARTICULAR PURPOSE.

configure:2743: $? = 0
configure:2732: g++ -v >&5
Using built-in specs.
COLLECT_GCC=g++
COLLECT_LTO_WRAPPER=/usr/lib/i386-linux-gnu/gcc/i686-linux-gnu/4.5.2/lto-wrapper
Target: i686-linux-gnu
Configured with: ../src/configure -v --with-pkgversion='Ubuntu/Linaro 4.5.2-8ubuntu4' --with-bugurl=file:///usr/share/doc/gcc-4.5/README.Bugs --enable-languages=c,c++,fortran,objc,obj-c++ --prefix=/usr --program-suffix=-4.5 --enable-shared --enable-multiarch --with-multiarch-defaults=i386-linux-gnu --enable-linker-build-id --with-system-zlib --libexecdir=/usr/lib/i386-linux-gnu --without-included-gettext --enable-threads=posix --with-gxx-include-dir=/usr/include/c++/4.5 --libdir=/usr/lib/i386-linux-gnu --enable-nls --with-sysroot=/ --enable-clocale=gnu --enable-libstdcxx-debug --enable-libstdcxx-time=yes --enable-plugin --enable-gold --enable-ld=default --with-plugin-ld=ld.gold --enable-objc-gc --enable-targets=all --disable-werror --with-arch-32=i686 --with-tune=generic --enable-checking=release --build=i686-linux-gnu --host=i686-linux-gnu --target=i686-linux-gnu
Thread model: posix
gcc version 4.5.2 (Ubuntu/Linaro 4.5.2-8ubuntu4) 
configure:2743: $? = 0
configure:2732: g++ -V >&5
g++: '-V' option must have argument
configure:2743: $? = 1
configure:2732: g++ -qversion >&5
g++: unrecognized option '-qversion'
g++: no input files
configure:2743: $? = 1
configure:2763: checking whether the C++ compiler works
configure:2785: g++    conftest.cpp  >&5
configure:2789: $? = 0
configure:2837: result: yes
configure:2840: checking for C++ compiler default output file name
configure:2842: result: a.out
configure:2848: checking for suffix of executables
configure:2855: g++ -o conftest    conftest.cpp  >&5
configure:2859: $? = 0
configure:2881: result: 
configure:2903: checking whether we are cross compiling
configure:2911: g++ -o conftest    conftest.cpp  >&5
configure:2915: $? = 0
configure:2922: ./conftest
configure:2926: $? = 0
configure:2941: result: no
configure:2946: checking for suffix of object files
configure:2968: g++ -c   conftest.cpp >&5
configure:2972: $? = 0
configure:2993: result: o
configure:2997: checking whether we are using the GNU C++ compiler
configure:3016: g++ -c   conftest.cpp >&5
configure:3016: $? = 0
configure:3025: result: yes
configure:3034: checking whether g++ accepts -g
configure:3095: result: no
configure:3123: checking how to run the C++ preprocessor
configure:3150: g++ -E  conftest.cpp
configure:3150: $? = 0
configure:3164: g++ -E  conftest.cpp
conftest.cpp:11:28: fatal error: ac_nonexistent.h: No such file or directory
compilation terminated.
configure:3164: $? = 1
configure: failed program was:
| /* confdefs.h */
| #define PACKAGE_NAME "exiv2"
| #define PACKAGE_TARNAME "exiv2"
| #define PACKAGE_VERSION "0.21.1"
| #define PACKAGE_STRING "exiv2 0.21.1"
| #define PACKAGE_BUGREPORT "ahuggel@gmx.net"
| #define PACKAGE_URL ""
| #define PACKAGE "exiv2"
| #define VERSION "0.21.1"
| /* end confdefs.h.  */
| #include <ac_nonexistent.h>
configure:3189: result: g++ -E
configure:3209: g++ -E  conftest.cpp
configure:3209: $? = 0
configure:3223: g++ -E  conftest.cpp
conftest.cpp:11:28: fatal error: ac_nonexistent.h: No such file or directory
compilation terminated.
configure:3223: $? = 1
configure: failed program was:
| /* confdefs.h */
| #define PACKAGE_NAME "exiv2"
| #define PACKAGE_TARNAME "exiv2"
| #define PACKAGE_VERSION "0.21.1"
| #define PACKAGE_STRING "exiv2 0.21.1"
| #define PACKAGE_BUGREPORT "ahuggel@gmx.net"
| #define PACKAGE_URL ""
| #define PACKAGE "exiv2"
| #define VERSION "0.21.1"
| /* end confdefs.h.  */
| #include <ac_nonexistent.h>
configure:3301: checking for gcc
configure:3317: found /usr/bin/gcc
configure:3328: result: gcc
configure:3557: checking for C compiler version
configure:3566: gcc --version >&5
gcc (Ubuntu/Linaro 4.5.2-8ubuntu4) 4.5.2
Copyright (C) 2010 Free Software Foundation, Inc.
This is free software; see the source for copying conditions.  There is NO
warranty; not even for MERCHANTABILITY or FITNESS FOR A PARTICULAR PURPOSE.

configure:3577: $? = 0
configure:3566: gcc -v >&5
Using built-in specs.
COLLECT_GCC=gcc
COLLECT_LTO_WRAPPER=/usr/lib/i386-linux-gnu/gcc/i686-linux-gnu/4.5.2/lto-wrapper
Target: i686-linux-gnu
Configured with: ../src/configure -v --with-pkgversion='Ubuntu/Linaro 4.5.2-8ubuntu4' --with-bugurl=file:///usr/share/doc/gcc-4.5/README.Bugs --enable-languages=c,c++,fortran,objc,obj-c++ --prefix=/usr --program-suffix=-4.5 --enable-shared --enable-multiarch --with-multiarch-defaults=i386-linux-gnu --enable-linker-build-id --with-system-zlib --libexecdir=/usr/lib/i386-linux-gnu --without-included-gettext --enable-threads=posix --with-gxx-include-dir=/usr/include/c++/4.5 --libdir=/usr/lib/i386-linux-gnu --enable-nls --with-sysroot=/ --enable-clocale=gnu --enable-libstdcxx-debug --enable-libstdcxx-time=yes --enable-plugin --enable-gold --enable-ld=default --with-plugin-ld=ld.gold --enable-objc-gc --enable-targets=all --disable-werror --with-arch-32=i686 --with-tune=generic --enable-checking=release --build=i686-linux-gnu --host=i686-linux-gnu --target=i686-linux-gnu
Thread model: posix
gcc version 4.5.2 (Ubuntu/Linaro 4.5.2-8ubuntu4) 
configure:3577: $? = 0
configure:3566: gcc -V >&5
gcc: '-V' option must have argument
configure:3577: $? = 1
configure:3566: gcc -qversion >&5
gcc: unrecognized option '-qversion'
gcc: no input files
configure:3577: $? = 1
configure:3581: checking whether we are using the GNU C compiler
configure:3600: gcc -c   conftest.c >&5
configure:3600: $? = 0
configure:3609: result: yes
configure:3618: checking whether gcc accepts -g
configure:3679: result: no
configure:3696: checking for gcc option to accept ISO C89
configure:3760: gcc  -c -O2  conftest.c >&5
configure:3760: $? = 0
configure:3773: result: none needed
configure:3798: checking how to run the C preprocessor
configure:3829: gcc -E  conftest.c
configure:3829: $? = 0
configure:3843: gcc -E  conftest.c
conftest.c:11:28: fatal error: ac_nonexistent.h: No such file or directory
compilation terminated.
configure:3843: $? = 1
configure: failed program was:
| /* confdefs.h */
| #define PACKAGE_NAME "exiv2"
| #define PACKAGE_TARNAME "exiv2"
| #define PACKAGE_VERSION "0.21.1"
| #define PACKAGE_STRING "exiv2 0.21.1"
| #define PACKAGE_BUGREPORT "ahuggel@gmx.net"
| #define PACKAGE_URL ""
| #define PACKAGE "exiv2"
| #define VERSION "0.21.1"
| /* end confdefs.h.  */
| #include <ac_nonexistent.h>
configure:3868: result: gcc -E
configure:3888: gcc -E  conftest.c
configure:3888: $? = 0
configure:3902: gcc -E  conftest.c
conftest.c:11:28: fatal error: ac_nonexistent.h: No such file or directory
compilation terminated.
configure:3902: $? = 1
configure: failed program was:
| /* confdefs.h */
| #define PACKAGE_NAME "exiv2"
| #define PACKAGE_TARNAME "exiv2"
| #define PACKAGE_VERSION "0.21.1"
| #define PACKAGE_STRING "exiv2 0.21.1"
| #define PACKAGE_BUGREPORT "ahuggel@gmx.net"
| #define PACKAGE_URL ""
| #define PACKAGE "exiv2"
| #define VERSION "0.21.1"
| /* end confdefs.h.  */
| #include <ac_nonexistent.h>
configure:3944: checking for a BSD-compatible install
configure:4012: result: /usr/bin/install -c
configure:4023: checking whether ln -s works
configure:4027: result: yes
configure:4034: checking whether make sets $(MAKE)
configure:4056: result: yes
configure:4069: checking build system type
configure:4083: result: i686-pc-linux-gnu
configure:4103: checking host system type
configure:4116: result: i686-pc-linux-gnu
configure:4161: checking whether NLS is requested
configure:4170: result: yes
configure:4208: checking for msgfmt
configure: trying /usr/bin/msgfmt...
0 translated messages.
configure:4240: result: /usr/bin/msgfmt
configure:4249: checking for gmsgfmt
configure:4280: result: /usr/bin/msgfmt
configure:4320: checking for xgettext
configure: trying /usr/bin/xgettext...
/usr/bin/xgettext: warning: file `/dev/null' extension `' is unknown; will try C
configure:4352: result: /usr/bin/xgettext
configure:4392: checking for msgmerge
configure: trying /usr/bin/msgmerge...
configure:4423: result: /usr/bin/msgmerge
configure:4498: checking for ld used by GCC
configure:4562: result: /usr/bin/ld
configure:4569: checking if the linker (/usr/bin/ld) is GNU ld
configure:4582: result: yes
configure:4589: checking for shared library run path origin
configure:4602: result: done
configure:5019: checking for CFPreferencesCopyAppValue
configure:5039: gcc -o conftest -O2  -I/System/Library/Frameworks/CoreFoundation.framework/Headers  conftest.c  -framework CoreFoundation >&5
gcc: CoreFoundation: No such file or directory
cc1: error: unrecognized command line option "-framework"
configure:5039: $? = 1
configure: failed program was:
| /* confdefs.h */
| #define PACKAGE_NAME "exiv2"
| #define PACKAGE_TARNAME "exiv2"
| #define PACKAGE_VERSION "0.21.1"
| #define PACKAGE_STRING "exiv2 0.21.1"
| #define PACKAGE_BUGREPORT "ahuggel@gmx.net"
| #define PACKAGE_URL ""
| #define PACKAGE "exiv2"
| #define VERSION "0.21.1"
| /* end confdefs.h.  */
| #include <CFPreferences.h>
| int
| main ()
| {
| CFPreferencesCopyAppValue(NULL, NULL)
|   ;
|   return 0;
| }
configure:5049: result: no
configure:5056: checking for CFLocaleCopyCurrent
configure:5076: gcc -o conftest -O2  -I/System/Library/Frameworks/CoreFoundation.framework/Headers  conftest.c  -framework CoreFoundation >&5
gcc: CoreFoundation: No such file or directory
cc1: error: unrecognized command line option "-framework"
configure:5076: $? = 1
configure: failed program was:
| /* confdefs.h */
| #define PACKAGE_NAME "exiv2"
| #define PACKAGE_TARNAME "exiv2"
| #define PACKAGE_VERSION "0.21.1"
| #define PACKAGE_STRING "exiv2 0.21.1"
| #define PACKAGE_BUGREPORT "ahuggel@gmx.net"
| #define PACKAGE_URL ""
| #define PACKAGE "exiv2"
| #define VERSION "0.21.1"
| /* end confdefs.h.  */
| #include <CFLocale.h>
| int
| main ()
| {
| CFLocaleCopyCurrent();
|   ;
|   return 0;
| }
configure:5086: result: no
configure:5101: checking whether NLS is requested
configure:5110: result: yes
configure:5128: checking for GNU gettext in libc
configure:5147: gcc -o conftest -O2   conftest.c  >&5
configure:5147: $? = 0
configure:5155: result: yes
configure:5743: checking whether to use NLS
configure:5745: result: yes
configure:5748: checking where the gettext function comes from
configure:5759: result: libc
configure:5845: checking for a sed that does not truncate output
configure:5909: result: /bin/sed
configure:5927: checking for grep that handles long lines and -e
configure:5985: result: /bin/grep
configure:5990: checking for egrep
configure:6052: result: /bin/grep -E
configure:6057: checking for fgrep
configure:6119: result: /bin/grep -F
configure:6154: checking for ld used by gcc
configure:6221: result: /usr/bin/ld
configure:6228: checking if the linker (/usr/bin/ld) is GNU ld
configure:6243: result: yes
configure:6255: checking for BSD- or MS-compatible name lister (nm)
configure:6304: result: /usr/bin/nm -B
configure:6422: checking the name lister (/usr/bin/nm -B) interface
configure:6429: gcc -c -O2  conftest.c >&5
configure:6432: /usr/bin/nm -B "conftest.o"
configure:6435: output
00000000 B some_variable
configure:6442: result: BSD nm
configure:6446: checking the maximum length of command line arguments
configure:6566: result: 1572864
configure:6583: checking whether the shell understands some XSI constructs
configure:6593: result: yes
configure:6597: checking whether the shell understands "+="
configure:6603: result: yes
configure:6638: checking for /usr/bin/ld option to reload object files
configure:6645: result: -r
configure:6714: checking for objdump
configure:6730: found /usr/bin/objdump
configure:6741: result: objdump
configure:6773: checking how to recognize dependent libraries
configure:6969: result: pass_all
configure:7029: checking for ar
configure:7045: found /usr/bin/ar
configure:7056: result: ar
configure:7134: checking for strip
configure:7150: found /usr/bin/strip
configure:7161: result: strip
configure:7233: checking for ranlib
configure:7249: found /usr/bin/ranlib
configure:7260: result: ranlib
configure:7350: checking command to parse /usr/bin/nm -B output from gcc object
configure:7468: gcc -c -O2  conftest.c >&5
configure:7471: $? = 0
configure:7475: /usr/bin/nm -B conftest.o \| sed -n -e 's/^.*[	 ]\([ABCDGIRSTW][ABCDGIRSTW]*\)[	 ][	 ]*\([_A-Za-z][_A-Za-z0-9]*\)$/\1 \2 \2/p' \> conftest.nm
configure:7478: $? = 0
configure:7532: gcc -o conftest -O2   conftest.c conftstm.o >&5
configure:7535: $? = 0
configure:7573: result: ok
configure:8377: checking for ANSI C header files
configure:8397: gcc -c -O2  conftest.c >&5
configure:8397: $? = 0
configure:8470: gcc -o conftest -O2   conftest.c  >&5
configure:8470: $? = 0
configure:8470: ./conftest
configure:8470: $? = 0
configure:8481: result: yes
configure:8494: checking for sys/types.h
configure:8494: gcc -c -O2  conftest.c >&5
configure:8494: $? = 0
configure:8494: result: yes
configure:8494: checking for sys/stat.h
configure:8494: gcc -c -O2  conftest.c >&5
configure:8494: $? = 0
configure:8494: result: yes
configure:8494: checking for stdlib.h
configure:8494: gcc -c -O2  conftest.c >&5
configure:8494: $? = 0
configure:8494: result: yes
configure:8494: checking for string.h
configure:8494: gcc -c -O2  conftest.c >&5
configure:8494: $? = 0
configure:8494: result: yes
configure:8494: checking for memory.h
configure:8494: gcc -c -O2  conftest.c >&5
configure:8494: $? = 0
configure:8494: result: yes
configure:8494: checking for strings.h
configure:8494: gcc -c -O2  conftest.c >&5
configure:8494: $? = 0
configure:8494: result: yes
configure:8494: checking for inttypes.h
configure:8494: gcc -c -O2  conftest.c >&5
configure:8494: $? = 0
configure:8494: result: yes
configure:8494: checking for stdint.h
configure:8494: gcc -c -O2  conftest.c >&5
configure:8494: $? = 0
configure:8494: result: yes
configure:8494: checking for unistd.h
configure:8494: gcc -c -O2  conftest.c >&5
configure:8494: $? = 0
configure:8494: result: yes
configure:8508: checking for dlfcn.h
configure:8508: gcc -c -O2  conftest.c >&5
configure:8508: $? = 0
configure:8508: result: yes
configure:8633: checking for C++ compiler version
configure:8642: g++ --version >&5
g++ (Ubuntu/Linaro 4.5.2-8ubuntu4) 4.5.2
Copyright (C) 2010 Free Software Foundation, Inc.
This is free software; see the source for copying conditions.  There is NO
warranty; not even for MERCHANTABILITY or FITNESS FOR A PARTICULAR PURPOSE.

configure:8653: $? = 0
configure:8642: g++ -v >&5
Using built-in specs.
COLLECT_GCC=g++
COLLECT_LTO_WRAPPER=/usr/lib/i386-linux-gnu/gcc/i686-linux-gnu/4.5.2/lto-wrapper
Target: i686-linux-gnu
Configured with: ../src/configure -v --with-pkgversion='Ubuntu/Linaro 4.5.2-8ubuntu4' --with-bugurl=file:///usr/share/doc/gcc-4.5/README.Bugs --enable-languages=c,c++,fortran,objc,obj-c++ --prefix=/usr --program-suffix=-4.5 --enable-shared --enable-multiarch --with-multiarch-defaults=i386-linux-gnu --enable-linker-build-id --with-system-zlib --libexecdir=/usr/lib/i386-linux-gnu --without-included-gettext --enable-threads=posix --with-gxx-include-dir=/usr/include/c++/4.5 --libdir=/usr/lib/i386-linux-gnu --enable-nls --with-sysroot=/ --enable-clocale=gnu --enable-libstdcxx-debug --enable-libstdcxx-time=yes --enable-plugin --enable-gold --enable-ld=default --with-plugin-ld=ld.gold --enable-objc-gc --enable-targets=all --disable-werror --with-arch-32=i686 --with-tune=generic --enable-checking=release --build=i686-linux-gnu --host=i686-linux-gnu --target=i686-linux-gnu
Thread model: posix
gcc version 4.5.2 (Ubuntu/Linaro 4.5.2-8ubuntu4) 
configure:8653: $? = 0
configure:8642: g++ -V >&5
g++: '-V' option must have argument
configure:8653: $? = 1
configure:8642: g++ -qversion >&5
g++: unrecognized option '-qversion'
g++: no input files
configure:8653: $? = 1
configure:8657: checking whether we are using the GNU C++ compiler
configure:8685: result: yes
configure:8694: checking whether g++ accepts -g
configure:8755: result: no
configure:8786: checking how to run the C++ preprocessor
configure:8852: result: g++ -E
configure:8872: g++ -E  conftest.cpp
configure:8872: $? = 0
configure:8886: g++ -E  conftest.cpp
conftest.cpp:25:28: fatal error: ac_nonexistent.h: No such file or directory
compilation terminated.
configure:8886: $? = 1
configure: failed program was:
| /* confdefs.h */
| #define PACKAGE_NAME "exiv2"
| #define PACKAGE_TARNAME "exiv2"
| #define PACKAGE_VERSION "0.21.1"
| #define PACKAGE_STRING "exiv2 0.21.1"
| #define PACKAGE_BUGREPORT "ahuggel@gmx.net"
| #define PACKAGE_URL ""
| #define PACKAGE "exiv2"
| #define VERSION "0.21.1"
| #define ENABLE_NLS 1
| #define HAVE_GETTEXT 1
| #define HAVE_DCGETTEXT 1
| #define STDC_HEADERS 1
| #define HAVE_SYS_TYPES_H 1
| #define HAVE_SYS_STAT_H 1
| #define HAVE_STDLIB_H 1
| #define HAVE_STRING_H 1
| #define HAVE_MEMORY_H 1
| #define HAVE_STRINGS_H 1
| #define HAVE_INTTYPES_H 1
| #define HAVE_STDINT_H 1
| #define HAVE_UNISTD_H 1
| #define HAVE_DLFCN_H 1
| /* end confdefs.h.  */
| #include <ac_nonexistent.h>
configure:9092: checking for objdir
configure:9107: result: .libs
configure:9403: checking if gcc supports -fno-rtti -fno-exceptions
configure:9421: gcc -c -O2  -fno-rtti -fno-exceptions conftest.c >&5
cc1: warning: command line option "-fno-rtti" is valid for C++/ObjC++ but not for C
configure:9425: $? = 0
configure:9438: result: no
configure:9458: checking for gcc option to produce PIC
configure:9730: result: -fPIC -DPIC
configure:9742: checking if gcc PIC flag -fPIC -DPIC works
configure:9760: gcc -c -O2  -fPIC -DPIC -DPIC conftest.c >&5
configure:9764: $? = 0
configure:9777: result: yes
configure:9801: checking if gcc static flag -static works
configure:9829: result: yes
configure:9844: checking if gcc supports -c -o file.o
configure:9865: gcc -c -O2  -o out/conftest2.o conftest.c >&5
configure:9869: $? = 0
configure:9891: result: yes
configure:9899: checking if gcc supports -c -o file.o
configure:9946: result: yes
configure:9979: checking whether the gcc linker (/usr/bin/ld) supports shared libraries
configure:10969: result: yes
configure:11006: checking whether -lc should be explicitly linked in
configure:11011: gcc -c -O2  conftest.c >&5
configure:11014: $? = 0
configure:11029: gcc -shared conftest.o  -v -Wl,-soname -Wl,conftest -o conftest 2\>\&1 \| /bin/grep  -lc  \>/dev/null 2\>\&1
configure:11032: $? = 0
configure:11044: result: no
configure:11208: checking dynamic linker characteristics
configure:11641: gcc -o conftest -O2   -Wl,-rpath -Wl,/foo conftest.c  >&5
configure:11641: $? = 0
configure:11871: result: GNU/Linux ld.so
configure:11973: checking how to hardcode library paths into programs
configure:11998: result: immediate
configure:12518: checking whether stripping libraries is possible
configure:12523: result: yes
configure:12558: checking if libtool supports shared libraries
configure:12560: result: yes
configure:12563: checking whether to build shared libraries
configure:12584: result: yes
configure:12587: checking whether to build static libraries
configure:12591: result: yes
configure:12741: checking for ld used by g++
configure:12808: result: /usr/bin/ld
configure:12815: checking if the linker (/usr/bin/ld) is GNU ld
configure:12830: result: yes
configure:12885: checking whether the g++ linker (/usr/bin/ld) supports shared libraries
configure:13798: result: yes
configure:13826: g++ -c -O2  conftest.cpp >&5
configure:13829: $? = 0
configure:14011: checking for g++ option to produce PIC
configure:14328: result: -fPIC -DPIC
configure:14337: checking if g++ PIC flag -fPIC -DPIC works
configure:14355: g++ -c -O2  -fPIC -DPIC -DPIC conftest.cpp >&5
configure:14359: $? = 0
configure:14372: result: yes
configure:14393: checking if g++ static flag -static works
configure:14421: result: yes
configure:14433: checking if g++ supports -c -o file.o
configure:14454: g++ -c -O2  -o out/conftest2.o conftest.cpp >&5
configure:14458: $? = 0
configure:14480: result: yes
configure:14485: checking if g++ supports -c -o file.o
configure:14532: result: yes
configure:14562: checking whether the g++ linker (/usr/bin/ld) supports shared libraries
configure:14591: result: yes
configure:14728: checking dynamic linker characteristics
configure:15109: g++ -o conftest -O2   -Wl,-rpath -Wl,/foo conftest.cpp  >&5
configure:15109: $? = 0
configure:15339: result: GNU/Linux ld.so
configure:15390: checking how to hardcode library paths into programs
configure:15415: result: immediate
configure:15566: checking for cos in -lm
configure:15591: gcc -o conftest -O2   conftest.c -lm   >&5
conftest.c:33:6: warning: conflicting types for built-in function 'cos'
configure:15591: $? = 0
configure:15600: result: yes
configure:15614: checking if zlib is wanted
configure:15624: result: no
configure:15821: checking for iconv
configure:15843: gcc -o conftest -O2   conftest.c  -lm >&5
configure:15843: $? = 0
configure:15875: result: yes
configure:15896: checking for iconv declaration
configure:15925: gcc -c -O2  conftest.c >&5
configure:15925: $? = 0
configure:15936: result: 
         extern size_t iconv (iconv_t cd, char * *inbuf, size_t *inbytesleft, char * *outbuf, size_t *outbytesleft);
configure:15950: checking for ANSI C header files
configure:16054: result: yes
configure:16065: checking libintl.h usability
configure:16065: gcc -c -O2  conftest.c >&5
configure:16065: $? = 0
configure:16065: result: yes
configure:16065: checking libintl.h presence
configure:16065: gcc -E  conftest.c
configure:16065: $? = 0
configure:16065: result: yes
configure:16065: checking for libintl.h
configure:16065: result: yes
configure:16065: checking locale.h usability
configure:16065: gcc -c -O2  conftest.c >&5
configure:16065: $? = 0
configure:16065: result: yes
configure:16065: checking locale.h presence
configure:16065: gcc -E  conftest.c
configure:16065: $? = 0
configure:16065: result: yes
configure:16065: checking for locale.h
configure:16065: result: yes
configure:16065: checking malloc.h usability
configure:16065: gcc -c -O2  conftest.c >&5
configure:16065: $? = 0
configure:16065: result: yes
configure:16065: checking malloc.h presence
configure:16065: gcc -E  conftest.c
configure:16065: $? = 0
configure:16065: result: yes
configure:16065: checking for malloc.h
configure:16065: result: yes
configure:16065: checking for stdint.h
configure:16065: result: yes
configure:16065: checking for stdlib.h
configure:16065: result: yes
configure:16065: checking for string.h
configure:16065: result: yes
configure:16065: checking for unistd.h
configure:16065: result: yes
configure:16065: checking sys/mman.h usability
configure:16065: gcc -c -O2  conftest.c >&5
configure:16065: $? = 0
configure:16065: result: yes
configure:16065: checking sys/mman.h presence
configure:16065: gcc -E  conftest.c
configure:16065: $? = 0
configure:16065: result: yes
configure:16065: checking for sys/mman.h
configure:16065: result: yes
configure:16065: checking utime.h usability
configure:16065: gcc -c -O2  conftest.c >&5
configure:16065: $? = 0
configure:16065: result: yes
configure:16065: checking utime.h presence
configure:16065: gcc -E  conftest.c
configure:16065: $? = 0
configure:16065: result: yes
configure:16065: checking for utime.h
configure:16065: result: yes
configure:16079: checking for stdbool.h that conforms to C99
configure:16164: gcc -c -O2  conftest.c >&5
configure:16164: $? = 0
configure:16171: result: yes
configure:16173: checking for _Bool
configure:16173: gcc -c -O2  conftest.c >&5
configure:16173: $? = 0
configure:16173: gcc -c -O2  conftest.c >&5
conftest.c: In function 'main':
conftest.c:74:20: error: expected expression before ')' token
configure:16173: $? = 1
configure: failed program was:
| /* confdefs.h */
| #define PACKAGE_NAME "exiv2"
| #define PACKAGE_TARNAME "exiv2"
| #define PACKAGE_VERSION "0.21.1"
| #define PACKAGE_STRING "exiv2 0.21.1"
| #define PACKAGE_BUGREPORT "ahuggel@gmx.net"
| #define PACKAGE_URL ""
| #define PACKAGE "exiv2"
| #define VERSION "0.21.1"
| #define ENABLE_NLS 1
| #define HAVE_GETTEXT 1
| #define HAVE_DCGETTEXT 1
| #define STDC_HEADERS 1
| #define HAVE_SYS_TYPES_H 1
| #define HAVE_SYS_STAT_H 1
| #define HAVE_STDLIB_H 1
| #define HAVE_STRING_H 1
| #define HAVE_MEMORY_H 1
| #define HAVE_STRINGS_H 1
| #define HAVE_INTTYPES_H 1
| #define HAVE_STDINT_H 1
| #define HAVE_UNISTD_H 1
| #define HAVE_DLFCN_H 1
| #define LT_OBJDIR ".libs/"
| #define HAVE_ICONV 1
| #define ICONV_CONST 
| #define STDC_HEADERS 1
| #define HAVE_LIBINTL_H 1
| #define HAVE_LOCALE_H 1
| #define HAVE_MALLOC_H 1
| #define HAVE_STDINT_H 1
| #define HAVE_STDLIB_H 1
| #define HAVE_STRING_H 1
| #define HAVE_UNISTD_H 1
| #define HAVE_SYS_MMAN_H 1
| #define HAVE_UTIME_H 1
| /* end confdefs.h.  */
| #include <stdio.h>
| #ifdef HAVE_SYS_TYPES_H
| # include <sys/types.h>
| #endif
| #ifdef HAVE_SYS_STAT_H
| # include <sys/stat.h>
| #endif
| #ifdef STDC_HEADERS
| # include <stdlib.h>
| # include <stddef.h>
| #else
| # ifdef HAVE_STDLIB_H
| #  include <stdlib.h>
| # endif
| #endif
| #ifdef HAVE_STRING_H
| # if !defined STDC_HEADERS && defined HAVE_MEMORY_H
| #  include <memory.h>
| # endif
| # include <string.h>
| #endif
| #ifdef HAVE_STRINGS_H
| # include <strings.h>
| #endif
| #ifdef HAVE_INTTYPES_H
| # include <inttypes.h>
| #endif
| #ifdef HAVE_STDINT_H
| # include <stdint.h>
| #endif
| #ifdef HAVE_UNISTD_H
| # include <unistd.h>
| #endif
| int
| main ()
| {
| if (sizeof ((_Bool)))
| 	    return 0;
|   ;
|   return 0;
| }
configure:16173: result: yes
configure:16189: checking for an ANSI C-conforming const
configure:16254: gcc -c -O2  conftest.c >&5
configure:16254: $? = 0
configure:16261: result: yes
configure:16269: checking for inline
configure:16285: gcc -c -O2  conftest.c >&5
configure:16285: $? = 0
configure:16293: result: inline
configure:16311: checking for pid_t
configure:16311: gcc -c -O2  conftest.c >&5
configure:16311: $? = 0
configure:16311: gcc -c -O2  conftest.c >&5
conftest.c: In function 'main':
conftest.c:76:20: error: expected expression before ')' token
configure:16311: $? = 1
configure: failed program was:
| /* confdefs.h */
| #define PACKAGE_NAME "exiv2"
| #define PACKAGE_TARNAME "exiv2"
| #define PACKAGE_VERSION "0.21.1"
| #define PACKAGE_STRING "exiv2 0.21.1"
| #define PACKAGE_BUGREPORT "ahuggel@gmx.net"
| #define PACKAGE_URL ""
| #define PACKAGE "exiv2"
| #define VERSION "0.21.1"
| #define ENABLE_NLS 1
| #define HAVE_GETTEXT 1
| #define HAVE_DCGETTEXT 1
| #define STDC_HEADERS 1
| #define HAVE_SYS_TYPES_H 1
| #define HAVE_SYS_STAT_H 1
| #define HAVE_STDLIB_H 1
| #define HAVE_STRING_H 1
| #define HAVE_MEMORY_H 1
| #define HAVE_STRINGS_H 1
| #define HAVE_INTTYPES_H 1
| #define HAVE_STDINT_H 1
| #define HAVE_UNISTD_H 1
| #define HAVE_DLFCN_H 1
| #define LT_OBJDIR ".libs/"
| #define HAVE_ICONV 1
| #define ICONV_CONST 
| #define STDC_HEADERS 1
| #define HAVE_LIBINTL_H 1
| #define HAVE_LOCALE_H 1
| #define HAVE_MALLOC_H 1
| #define HAVE_STDINT_H 1
| #define HAVE_STDLIB_H 1
| #define HAVE_STRING_H 1
| #define HAVE_UNISTD_H 1
| #define HAVE_SYS_MMAN_H 1
| #define HAVE_UTIME_H 1
| #define HAVE__BOOL 1
| #define HAVE_STDBOOL_H 1
| /* end confdefs.h.  */
| #include <stdio.h>
| #ifdef HAVE_SYS_TYPES_H
| # include <sys/types.h>
| #endif
| #ifdef HAVE_SYS_STAT_H
| # include <sys/stat.h>
| #endif
| #ifdef STDC_HEADERS
| # include <stdlib.h>
| # include <stddef.h>
| #else
| # ifdef HAVE_STDLIB_H
| #  include <stdlib.h>
| # endif
| #endif
| #ifdef HAVE_STRING_H
| # if !defined STDC_HEADERS && defined HAVE_MEMORY_H
| #  include <memory.h>
| # endif
| # include <string.h>
| #endif
| #ifdef HAVE_STRINGS_H
| # include <strings.h>
| #endif
| #ifdef HAVE_INTTYPES_H
| # include <inttypes.h>
| #endif
| #ifdef HAVE_STDINT_H
| # include <stdint.h>
| #endif
| #ifdef HAVE_UNISTD_H
| # include <unistd.h>
| #endif
| int
| main ()
| {
| if (sizeof ((pid_t)))
| 	    return 0;
|   ;
|   return 0;
| }
configure:16311: result: yes
configure:16322: checking for size_t
configure:16322: gcc -c -O2  conftest.c >&5
configure:16322: $? = 0
configure:16322: gcc -c -O2  conftest.c >&5
conftest.c: In function 'main':
conftest.c:76:21: error: expected expression before ')' token
configure:16322: $? = 1
configure: failed program was:
| /* confdefs.h */
| #define PACKAGE_NAME "exiv2"
| #define PACKAGE_TARNAME "exiv2"
| #define PACKAGE_VERSION "0.21.1"
| #define PACKAGE_STRING "exiv2 0.21.1"
| #define PACKAGE_BUGREPORT "ahuggel@gmx.net"
| #define PACKAGE_URL ""
| #define PACKAGE "exiv2"
| #define VERSION "0.21.1"
| #define ENABLE_NLS 1
| #define HAVE_GETTEXT 1
| #define HAVE_DCGETTEXT 1
| #define STDC_HEADERS 1
| #define HAVE_SYS_TYPES_H 1
| #define HAVE_SYS_STAT_H 1
| #define HAVE_STDLIB_H 1
| #define HAVE_STRING_H 1
| #define HAVE_MEMORY_H 1
| #define HAVE_STRINGS_H 1
| #define HAVE_INTTYPES_H 1
| #define HAVE_STDINT_H 1
| #define HAVE_UNISTD_H 1
| #define HAVE_DLFCN_H 1
| #define LT_OBJDIR ".libs/"
| #define HAVE_ICONV 1
| #define ICONV_CONST 
| #define STDC_HEADERS 1
| #define HAVE_LIBINTL_H 1
| #define HAVE_LOCALE_H 1
| #define HAVE_MALLOC_H 1
| #define HAVE_STDINT_H 1
| #define HAVE_STDLIB_H 1
| #define HAVE_STRING_H 1
| #define HAVE_UNISTD_H 1
| #define HAVE_SYS_MMAN_H 1
| #define HAVE_UTIME_H 1
| #define HAVE__BOOL 1
| #define HAVE_STDBOOL_H 1
| /* end confdefs.h.  */
| #include <stdio.h>
| #ifdef HAVE_SYS_TYPES_H
| # include <sys/types.h>
| #endif
| #ifdef HAVE_SYS_STAT_H
| # include <sys/stat.h>
| #endif
| #ifdef STDC_HEADERS
| # include <stdlib.h>
| # include <stddef.h>
| #else
| # ifdef HAVE_STDLIB_H
| #  include <stdlib.h>
| # endif
| #endif
| #ifdef HAVE_STRING_H
| # if !defined STDC_HEADERS && defined HAVE_MEMORY_H
| #  include <memory.h>
| # endif
| # include <string.h>
| #endif
| #ifdef HAVE_STRINGS_H
| # include <strings.h>
| #endif
| #ifdef HAVE_INTTYPES_H
| # include <inttypes.h>
| #endif
| #ifdef HAVE_STDINT_H
| # include <stdint.h>
| #endif
| #ifdef HAVE_UNISTD_H
| # include <unistd.h>
| #endif
| int
| main ()
| {
| if (sizeof ((size_t)))
| 	    return 0;
|   ;
|   return 0;
| }
configure:16322: result: yes
configure:16333: checking whether struct tm is in sys/time.h or time.h
configure:16353: gcc -c -O2  conftest.c >&5
configure:16353: $? = 0
configure:16360: result: time.h
configure:16388: checking for stdlib.h
configure:16388: result: yes
configure:16388: checking for unistd.h
configure:16388: result: yes
configure:16388: checking for sys/param.h
configure:16388: gcc -c -O2  conftest.c >&5
configure:16388: $? = 0
configure:16388: result: yes
configure:16408: checking for getpagesize
configure:16408: gcc -o conftest -O2   conftest.c  -lm >&5
configure:16408: $? = 0
configure:16408: result: yes
configure:16417: checking for working mmap
configure:16564: gcc -o conftest -O2   conftest.c  -lm >&5
configure:16564: $? = 0
configure:16564: ./conftest
configure:16564: $? = 0
configure:16574: result: yes
configure:16583: checking whether strerror_r is declared
configure:16583: gcc -c -O2  conftest.c >&5
configure:16583: $? = 0
configure:16583: result: yes
configure:16596: checking for strerror_r
configure:16596: gcc -o conftest -O2   conftest.c  -lm >&5
configure:16596: $? = 0
configure:16596: result: yes
configure:16605: checking whether strerror_r returns char *
configure:16629: gcc -c -O2  conftest.c >&5
conftest.c: In function 'main':
conftest.c:85:13: error: invalid type argument of unary '*' (have 'int')
conftest.c:86:14: warning: initialization makes pointer from integer without a cast
configure:16629: $? = 1
configure: failed program was:
| /* confdefs.h */
| #define PACKAGE_NAME "exiv2"
| #define PACKAGE_TARNAME "exiv2"
| #define PACKAGE_VERSION "0.21.1"
| #define PACKAGE_STRING "exiv2 0.21.1"
| #define PACKAGE_BUGREPORT "ahuggel@gmx.net"
| #define PACKAGE_URL ""
| #define PACKAGE "exiv2"
| #define VERSION "0.21.1"
| #define ENABLE_NLS 1
| #define HAVE_GETTEXT 1
| #define HAVE_DCGETTEXT 1
| #define STDC_HEADERS 1
| #define HAVE_SYS_TYPES_H 1
| #define HAVE_SYS_STAT_H 1
| #define HAVE_STDLIB_H 1
| #define HAVE_STRING_H 1
| #define HAVE_MEMORY_H 1
| #define HAVE_STRINGS_H 1
| #define HAVE_INTTYPES_H 1
| #define HAVE_STDINT_H 1
| #define HAVE_UNISTD_H 1
| #define HAVE_DLFCN_H 1
| #define LT_OBJDIR ".libs/"
| #define HAVE_ICONV 1
| #define ICONV_CONST 
| #define STDC_HEADERS 1
| #define HAVE_LIBINTL_H 1
| #define HAVE_LOCALE_H 1
| #define HAVE_MALLOC_H 1
| #define HAVE_STDINT_H 1
| #define HAVE_STDLIB_H 1
| #define HAVE_STRING_H 1
| #define HAVE_UNISTD_H 1
| #define HAVE_SYS_MMAN_H 1
| #define HAVE_UTIME_H 1
| #define HAVE__BOOL 1
| #define HAVE_STDBOOL_H 1
| #define HAVE_STDLIB_H 1
| #define HAVE_UNISTD_H 1
| #define HAVE_SYS_PARAM_H 1
| #define HAVE_GETPAGESIZE 1
| #define HAVE_MMAP 1
| #define HAVE_DECL_STRERROR_R 1
| #define HAVE_STRERROR_R 1
| /* end confdefs.h.  */
| #include <stdio.h>
| #ifdef HAVE_SYS_TYPES_H
| # include <sys/types.h>
| #endif
| #ifdef HAVE_SYS_STAT_H
| # include <sys/stat.h>
| #endif
| #ifdef STDC_HEADERS
| # include <stdlib.h>
| # include <stddef.h>
| #else
| # ifdef HAVE_STDLIB_H
| #  include <stdlib.h>
| # endif
| #endif
| #ifdef HAVE_STRING_H
| # if !defined STDC_HEADERS && defined HAVE_MEMORY_H
| #  include <memory.h>
| # endif
| # include <string.h>
| #endif
| #ifdef HAVE_STRINGS_H
| # include <strings.h>
| #endif
| #ifdef HAVE_INTTYPES_H
| # include <inttypes.h>
| #endif
| #ifdef HAVE_STDINT_H
| # include <stdint.h>
| #endif
| #ifdef HAVE_UNISTD_H
| # include <unistd.h>
| #endif
| int
| main ()
| {
| 
| 	  char buf[100];
| 	  char x = *strerror_r (0, buf, sizeof buf);
| 	  char *p = strerror_r (0, buf, sizeof buf);
| 	  return !p || x;
| 
|   ;
|   return 0;
| }
configure:16667: result: no
configure:16678: checking for gmtime_r
configure:16678: gcc -o conftest -O2   conftest.c  -lm >&5
configure:16678: $? = 0
configure:16678: result: yes
configure:16678: checking for lstat
configure:16678: gcc -o conftest -O2   conftest.c  -lm >&5
configure:16678: $? = 0
configure:16678: result: yes
configure:16678: checking for memset
configure:16678: gcc -o conftest -O2   conftest.c  -lm >&5
conftest.c:72:6: warning: conflicting types for built-in function 'memset'
configure:16678: $? = 0
configure:16678: result: yes
configure:16678: checking for mmap
configure:16678: gcc -o conftest -O2   conftest.c  -lm >&5
configure:16678: $? = 0
configure:16678: result: yes
configure:16678: checking for munmap
configure:16678: gcc -o conftest -O2   conftest.c  -lm >&5
configure:16678: $? = 0
configure:16678: result: yes
configure:16678: checking for strchr
configure:16678: gcc -o conftest -O2   conftest.c  -lm >&5
conftest.c:75:6: warning: conflicting types for built-in function 'strchr'
configure:16678: $? = 0
configure:16678: result: yes
configure:16678: checking for strerror
configure:16678: gcc -o conftest -O2   conftest.c  -lm >&5
configure:16678: $? = 0
configure:16678: result: yes
configure:16678: checking for strtol
configure:16678: gcc -o conftest -O2   conftest.c  -lm >&5
configure:16678: $? = 0
configure:16678: result: yes
configure:16689: checking for timegm
configure:16689: gcc -o conftest -O2   conftest.c  -lm >&5
configure:16689: $? = 0
configure:16689: result: yes
configure:16704: checking whether to enable dependency tracking
configure:16713: result: yes
configure:16722: checking whether to enable symbol visibility support
configure:16731: result: yes
configure:16742: checking whether the C++ compiler accepts the -xldscope=hidden flag
configure:16771: g++ -c -O2 -xldscope=hidden  conftest.cpp >&5
g++: language ldscope=hidden not recognized
g++: language ldscope=hidden not recognized
g++: conftest.cpp: linker input file unused because linking not done
configure:16771: $? = 0
configure: failed program was:
| /* confdefs.h */
| #define PACKAGE_NAME "exiv2"
| #define PACKAGE_TARNAME "exiv2"
| #define PACKAGE_VERSION "0.21.1"
| #define PACKAGE_STRING "exiv2 0.21.1"
| #define PACKAGE_BUGREPORT "ahuggel@gmx.net"
| #define PACKAGE_URL ""
| #define PACKAGE "exiv2"
| #define VERSION "0.21.1"
| #define ENABLE_NLS 1
| #define HAVE_GETTEXT 1
| #define HAVE_DCGETTEXT 1
| #define STDC_HEADERS 1
| #define HAVE_SYS_TYPES_H 1
| #define HAVE_SYS_STAT_H 1
| #define HAVE_STDLIB_H 1
| #define HAVE_STRING_H 1
| #define HAVE_MEMORY_H 1
| #define HAVE_STRINGS_H 1
| #define HAVE_INTTYPES_H 1
| #define HAVE_STDINT_H 1
| #define HAVE_UNISTD_H 1
| #define HAVE_DLFCN_H 1
| #define LT_OBJDIR ".libs/"
| #define HAVE_ICONV 1
| #define ICONV_CONST 
| #define STDC_HEADERS 1
| #define HAVE_LIBINTL_H 1
| #define HAVE_LOCALE_H 1
| #define HAVE_MALLOC_H 1
| #define HAVE_STDINT_H 1
| #define HAVE_STDLIB_H 1
| #define HAVE_STRING_H 1
| #define HAVE_UNISTD_H 1
| #define HAVE_SYS_MMAN_H 1
| #define HAVE_UTIME_H 1
| #define HAVE__BOOL 1
| #define HAVE_STDBOOL_H 1
| #define HAVE_STDLIB_H 1
| #define HAVE_UNISTD_H 1
| #define HAVE_SYS_PARAM_H 1
| #define HAVE_GETPAGESIZE 1
| #define HAVE_MMAP 1
| #define HAVE_DECL_STRERROR_R 1
| #define HAVE_STRERROR_R 1
| #define HAVE_GMTIME_R 1
| #define HAVE_LSTAT 1
| #define HAVE_MEMSET 1
| #define HAVE_MMAP 1
| #define HAVE_MUNMAP 1
| #define HAVE_STRCHR 1
| #define HAVE_STRERROR 1
| #define HAVE_STRTOL 1
| #define HAVE_TIMEGM 1
| /* end confdefs.h.  */
| 
| 
| int
| main ()
| {
| 
|   ;
|   return 0;
| }
| 
configure:16794: result: no
configure:16820: checking whether the C++ compiler accepts the -fvisibility-inlines-hidden flag
configure:16849: g++ -c -O2 -fvisibility-inlines-hidden  conftest.cpp >&5
configure:16849: $? = 0
configure:16872: result: yes
configure:16901: checking whether to use the lens database for Nikon lens names
configure:16910: result: yes
configure:16917: checking whether to compile a commercial version of the Exiv2 library
configure:16926: result: no
configure:16931: checking whether to enable XMP support (requires expat)
configure:16940: result: yes
configure:16970: checking expat.h usability
configure:16970: gcc -c -O2  conftest.c >&5
conftest.c:92:19: fatal error: expat.h: No such file or directory
compilation terminated.
configure:16970: $? = 1
configure: failed program was:
| /* confdefs.h */
| #define PACKAGE_NAME "exiv2"
| #define PACKAGE_TARNAME "exiv2"
| #define PACKAGE_VERSION "0.21.1"
| #define PACKAGE_STRING "exiv2 0.21.1"
| #define PACKAGE_BUGREPORT "ahuggel@gmx.net"
| #define PACKAGE_URL ""
| #define PACKAGE "exiv2"
| #define VERSION "0.21.1"
| #define ENABLE_NLS 1
| #define HAVE_GETTEXT 1
| #define HAVE_DCGETTEXT 1
| #define STDC_HEADERS 1
| #define HAVE_SYS_TYPES_H 1
| #define HAVE_SYS_STAT_H 1
| #define HAVE_STDLIB_H 1
| #define HAVE_STRING_H 1
| #define HAVE_MEMORY_H 1
| #define HAVE_STRINGS_H 1
| #define HAVE_INTTYPES_H 1
| #define HAVE_STDINT_H 1
| #define HAVE_UNISTD_H 1
| #define HAVE_DLFCN_H 1
| #define LT_OBJDIR ".libs/"
| #define HAVE_ICONV 1
| #define ICONV_CONST 
| #define STDC_HEADERS 1
| #define HAVE_LIBINTL_H 1
| #define HAVE_LOCALE_H 1
| #define HAVE_MALLOC_H 1
| #define HAVE_STDINT_H 1
| #define HAVE_STDLIB_H 1
| #define HAVE_STRING_H 1
| #define HAVE_UNISTD_H 1
| #define HAVE_SYS_MMAN_H 1
| #define HAVE_UTIME_H 1
| #define HAVE__BOOL 1
| #define HAVE_STDBOOL_H 1
| #define HAVE_STDLIB_H 1
| #define HAVE_UNISTD_H 1
| #define HAVE_SYS_PARAM_H 1
| #define HAVE_GETPAGESIZE 1
| #define HAVE_MMAP 1
| #define HAVE_DECL_STRERROR_R 1
| #define HAVE_STRERROR_R 1
| #define HAVE_GMTIME_R 1
| #define HAVE_LSTAT 1
| #define HAVE_MEMSET 1
| #define HAVE_MMAP 1
| #define HAVE_MUNMAP 1
| #define HAVE_STRCHR 1
| #define HAVE_STRERROR 1
| #define HAVE_STRTOL 1
| #define HAVE_TIMEGM 1
| #define WANT_VISIBILITY_SUPPORT 1
| #define HAVE_DLL 1
| #define HAVE_LENSDATA 1
| /* end confdefs.h.  */
| #include <stdio.h>
| #ifdef HAVE_SYS_TYPES_H
| # include <sys/types.h>
| #endif
| #ifdef HAVE_SYS_STAT_H
| # include <sys/stat.h>
| #endif
| #ifdef STDC_HEADERS
| # include <stdlib.h>
| # include <stddef.h>
| #else
| # ifdef HAVE_STDLIB_H
| #  include <stdlib.h>
| # endif
| #endif
| #ifdef HAVE_STRING_H
| # if !defined STDC_HEADERS && defined HAVE_MEMORY_H
| #  include <memory.h>
| # endif
| # include <string.h>
| #endif
| #ifdef HAVE_STRINGS_H
| # include <strings.h>
| #endif
| #ifdef HAVE_INTTYPES_H
| # include <inttypes.h>
| #endif
| #ifdef HAVE_STDINT_H
| # include <stdint.h>
| #endif
| #ifdef HAVE_UNISTD_H
| # include <unistd.h>
| #endif
| #include <expat.h>
configure:16970: result: no
configure:16970: checking expat.h presence
configure:16970: gcc -E  conftest.c
conftest.c:59:19: fatal error: expat.h: No such file or directory
compilation terminated.
configure:16970: $? = 1
configure: failed program was:
| /* confdefs.h */
| #define PACKAGE_NAME "exiv2"
| #define PACKAGE_TARNAME "exiv2"
| #define PACKAGE_VERSION "0.21.1"
| #define PACKAGE_STRING "exiv2 0.21.1"
| #define PACKAGE_BUGREPORT "ahuggel@gmx.net"
| #define PACKAGE_URL ""
| #define PACKAGE "exiv2"
| #define VERSION "0.21.1"
| #define ENABLE_NLS 1
| #define HAVE_GETTEXT 1
| #define HAVE_DCGETTEXT 1
| #define STDC_HEADERS 1
| #define HAVE_SYS_TYPES_H 1
| #define HAVE_SYS_STAT_H 1
| #define HAVE_STDLIB_H 1
| #define HAVE_STRING_H 1
| #define HAVE_MEMORY_H 1
| #define HAVE_STRINGS_H 1
| #define HAVE_INTTYPES_H 1
| #define HAVE_STDINT_H 1
| #define HAVE_UNISTD_H 1
| #define HAVE_DLFCN_H 1
| #define LT_OBJDIR ".libs/"
| #define HAVE_ICONV 1
| #define ICONV_CONST 
| #define STDC_HEADERS 1
| #define HAVE_LIBINTL_H 1
| #define HAVE_LOCALE_H 1
| #define HAVE_MALLOC_H 1
| #define HAVE_STDINT_H 1
| #define HAVE_STDLIB_H 1
| #define HAVE_STRING_H 1
| #define HAVE_UNISTD_H 1
| #define HAVE_SYS_MMAN_H 1
| #define HAVE_UTIME_H 1
| #define HAVE__BOOL 1
| #define HAVE_STDBOOL_H 1
| #define HAVE_STDLIB_H 1
| #define HAVE_UNISTD_H 1
| #define HAVE_SYS_PARAM_H 1
| #define HAVE_GETPAGESIZE 1
| #define HAVE_MMAP 1
| #define HAVE_DECL_STRERROR_R 1
| #define HAVE_STRERROR_R 1
| #define HAVE_GMTIME_R 1
| #define HAVE_LSTAT 1
| #define HAVE_MEMSET 1
| #define HAVE_MMAP 1
| #define HAVE_MUNMAP 1
| #define HAVE_STRCHR 1
| #define HAVE_STRERROR 1
| #define HAVE_STRTOL 1
| #define HAVE_TIMEGM 1
| #define WANT_VISIBILITY_SUPPORT 1
| #define HAVE_DLL 1
| #define HAVE_LENSDATA 1
| /* end confdefs.h.  */
| #include <expat.h>
configure:16970: result: no
configure:16970: checking for expat.h
configure:16970: result: no
configure:17033: error: either specify a valid expat installation with --with-expat=DIR or disable XMP support with --disable-xmp

## ---------------- ##
## Cache variables. ##
## ---------------- ##

ac_cv_build=i686-pc-linux-gnu
ac_cv_c_compiler_gnu=yes
ac_cv_c_const=yes
ac_cv_c_inline=inline
ac_cv_cxx_compiler_gnu=yes
ac_cv_env_CCC_set=
ac_cv_env_CCC_value=
ac_cv_env_CC_set=
ac_cv_env_CC_value=
ac_cv_env_CFLAGS_set=
ac_cv_env_CFLAGS_value=
ac_cv_env_CPPFLAGS_set=
ac_cv_env_CPPFLAGS_value=
ac_cv_env_CPP_set=
ac_cv_env_CPP_value=
ac_cv_env_CXXCPP_set=
ac_cv_env_CXXCPP_value=
ac_cv_env_CXXFLAGS_set=
ac_cv_env_CXXFLAGS_value=
ac_cv_env_CXX_set=
ac_cv_env_CXX_value=
ac_cv_env_LDFLAGS_set=
ac_cv_env_LDFLAGS_value=
ac_cv_env_LIBS_set=
ac_cv_env_LIBS_value=
ac_cv_env_build_alias_set=
ac_cv_env_build_alias_value=
ac_cv_env_host_alias_set=
ac_cv_env_host_alias_value=
ac_cv_env_target_alias_set=
ac_cv_env_target_alias_value=
ac_cv_func_getpagesize=yes
ac_cv_func_gmtime_r=yes
ac_cv_func_lstat=yes
ac_cv_func_memset=yes
ac_cv_func_mmap=yes
ac_cv_func_mmap_fixed_mapped=yes
ac_cv_func_munmap=yes
ac_cv_func_strchr=yes
ac_cv_func_strerror=yes
ac_cv_func_strerror_r=yes
ac_cv_func_strerror_r_char_p=no
ac_cv_func_strtol=yes
ac_cv_func_timegm=yes
ac_cv_have_decl_strerror_r=yes
ac_cv_header_dlfcn_h=yes
ac_cv_header_expat_h=no
ac_cv_header_inttypes_h=yes
ac_cv_header_libintl_h=yes
ac_cv_header_locale_h=yes
ac_cv_header_malloc_h=yes
ac_cv_header_memory_h=yes
ac_cv_header_stdbool_h=yes
ac_cv_header_stdc=yes
ac_cv_header_stdint_h=yes
ac_cv_header_stdlib_h=yes
ac_cv_header_string_h=yes
ac_cv_header_strings_h=yes
ac_cv_header_sys_mman_h=yes
ac_cv_header_sys_param_h=yes
ac_cv_header_sys_stat_h=yes
ac_cv_header_sys_types_h=yes
ac_cv_header_unistd_h=yes
ac_cv_header_utime_h=yes
ac_cv_host=i686-pc-linux-gnu
ac_cv_lib_m_cos=yes
ac_cv_objext=o
ac_cv_path_EGREP='/bin/grep -E'
ac_cv_path_FGREP='/bin/grep -F'
ac_cv_path_GMSGFMT=/usr/bin/msgfmt
ac_cv_path_GREP=/bin/grep
ac_cv_path_MSGFMT=/usr/bin/msgfmt
ac_cv_path_MSGMERGE=/usr/bin/msgmerge
ac_cv_path_SED=/bin/sed
ac_cv_path_XGETTEXT=/usr/bin/xgettext
ac_cv_path_install='/usr/bin/install -c'
ac_cv_prog_CPP='gcc -E'
ac_cv_prog_CXXCPP='g++ -E'
ac_cv_prog_ac_ct_AR=ar
ac_cv_prog_ac_ct_CC=gcc
ac_cv_prog_ac_ct_CXX=g++
ac_cv_prog_ac_ct_OBJDUMP=objdump
ac_cv_prog_ac_ct_RANLIB=ranlib
ac_cv_prog_ac_ct_STRIP=strip
ac_cv_prog_cc_c89=
ac_cv_prog_cc_g=no
ac_cv_prog_cxx_g=no
ac_cv_prog_make_make_set=yes
ac_cv_struct_tm=time.h
ac_cv_type__Bool=yes
ac_cv_type_pid_t=yes
ac_cv_type_size_t=yes
acl_cv_hardcode_direct=no
acl_cv_hardcode_libdir_flag_spec='${wl}-rpath ${wl}$libdir'
acl_cv_hardcode_libdir_separator=
acl_cv_hardcode_minus_L=no
acl_cv_libext=a
acl_cv_libname_spec='lib$name'
acl_cv_library_names_spec='$libname$shrext'
acl_cv_path_LD=/usr/bin/ld
acl_cv_prog_gnu_ld=yes
acl_cv_rpath=done
acl_cv_shlibext=so
acl_cv_wl=-Wl,
am_cv_func_iconv=yes
am_cv_lib_iconv=no
am_cv_proto_iconv='extern size_t iconv (iconv_t cd, char * *inbuf, size_t *inbytesleft, char * *outbuf, size_t *outbytesleft);'
am_cv_proto_iconv_arg1=
ax_cv_cxx_check_flag__fvisibility_inlines_hidden=yes
ax_cv_cxx_check_flag__xldscope_hidden=no
gt_cv_func_CFLocaleCopyCurrent=no
gt_cv_func_CFPreferencesCopyAppValue=no
gt_cv_func_gnugettext1_libc=yes
lt_cv_deplibs_check_method=pass_all
lt_cv_file_magic_cmd='$MAGIC_CMD'
lt_cv_file_magic_test_file=
lt_cv_ld_reload_flag=-r
lt_cv_nm_interface='BSD nm'
lt_cv_objdir=.libs
lt_cv_path_LD=/usr/bin/ld
lt_cv_path_LDCXX=/usr/bin/ld
lt_cv_path_NM='/usr/bin/nm -B'
lt_cv_prog_compiler_c_o=yes
lt_cv_prog_compiler_c_o_CXX=yes
lt_cv_prog_compiler_pic_works=yes
lt_cv_prog_compiler_pic_works_CXX=yes
lt_cv_prog_compiler_rtti_exceptions=no
lt_cv_prog_compiler_static_works=yes
lt_cv_prog_compiler_static_works_CXX=yes
lt_cv_prog_gnu_ld=yes
lt_cv_prog_gnu_ldcxx=yes
lt_cv_sys_global_symbol_pipe='sed -n -e '\''s/^.*[	 ]\([ABCDGIRSTW][ABCDGIRSTW]*\)[	 ][	 ]*\([_A-Za-z][_A-Za-z0-9]*\)$/\1 \2 \2/p'\'''
lt_cv_sys_global_symbol_to_c_name_address='sed -n -e '\''s/^: \([^ ]*\) $/  {\"\1\", (void *) 0},/p'\'' -e '\''s/^[ABCDGIRSTW]* \([^ ]*\) \([^ ]*\)$/  {"\2", (void *) \&\2},/p'\'''
lt_cv_sys_global_symbol_to_c_name_address_lib_prefix='sed -n -e '\''s/^: \([^ ]*\) $/  {\"\1\", (void *) 0},/p'\'' -e '\''s/^[ABCDGIRSTW]* \([^ ]*\) \(lib[^ ]*\)$/  {"\2", (void *) \&\2},/p'\'' -e '\''s/^[ABCDGIRSTW]* \([^ ]*\) \([^ ]*\)$/  {"lib\2", (void *) \&\2},/p'\'''
lt_cv_sys_global_symbol_to_cdecl='sed -n -e '\''s/^T .* \(.*\)$/extern int \1();/p'\'' -e '\''s/^[ABCDGIRSTW]* .* \(.*\)$/extern char \1;/p'\'''
lt_cv_sys_max_cmd_len=1572864

## ----------------- ##
## Output variables. ##
## ----------------- ##

AR='ar'
CC='gcc'
CFLAGS='-O2'
COMMERCIAL_VERSION='no'
CPP='gcc -E'
CPPFLAGS=''
CXX='g++'
CXXCPP='g++ -E'
CXXFLAGS='-O2 -fvisibility=hidden -fvisibility-inlines-hidden'
DEFS=''
DEP_TRACKING='1'
DSYMUTIL=''
DUMPBIN=''
ECHO_C=''
ECHO_N='-n'
ECHO_T=''
EGREP='/bin/grep -E'
ENABLE_XMP=''
EXEEXT=''
EXIV2_LTVERSION='10:1:0'
EXPAT_CPPFLAGS=''
EXPAT_LDFLAGS=''
EXPAT_LIBS=''
EXV_LIB_STATIC=''
FGREP='/bin/grep -F'
GCC='yes'
GMSGFMT='/usr/bin/msgfmt'
GREP='/bin/grep'
GXX='yes'
HAVE_LIBZ=''
HAVE_TIMEGM='1'
INSTALL_DATA='${INSTALL} -m 644'
INSTALL_PROGRAM='${INSTALL}'
INSTALL_SCRIPT='${INSTALL}'
INTLLIBS=''
INTL_MACOSX_LIBS=''
LD='/usr/bin/ld'
LDFLAGS=''
LIBICONV=''
LIBINTL=''
LIBM='-lm'
LIBOBJS=''
LIBS=' -lm'
LIBTOOL='$(SHELL) $(top_builddir)/libtool'
LIBTOOL_DEPS='./config/ltmain.sh'
LIPO=''
LN_S='ln -s'
LTLIBICONV=''
LTLIBINTL=''
LTLIBOBJS=''
MKINSTALLDIRS='$(top_builddir)/./config/mkinstalldirs'
MSGFMT='/usr/bin/msgfmt'
MSGMERGE='/usr/bin/msgmerge'
NM='/usr/bin/nm -B'
NMEDIT=''
OBJDUMP='objdump'
OBJEXT='o'
OTOOL64=''
OTOOL=''
PACKAGE='exiv2'
PACKAGE_BUGREPORT='ahuggel@gmx.net'
PACKAGE_NAME='exiv2'
PACKAGE_STRING='exiv2 0.21.1'
PACKAGE_TARNAME='exiv2'
PACKAGE_URL=''
PACKAGE_VERSION='0.21.1'
PATH_SEPARATOR=':'
POSUB='po'
RANLIB='ranlib'
SED='/bin/sed'
SET_MAKE=''
SHELL='/bin/bash'
STRIP='strip'
USE_NLS='yes'
VERSION='0.21.1'
XGETTEXT='/usr/bin/xgettext'
ac_ct_CC='gcc'
ac_ct_CXX='g++'
ac_ct_DUMPBIN=''
bindir='${exec_prefix}/bin'
build='i686-pc-linux-gnu'
build_alias=''
build_cpu='i686'
build_os='linux-gnu'
build_vendor='pc'
datadir='${datarootdir}'
datarootdir='${prefix}/share'
docdir='${datarootdir}/doc/${PACKAGE_TARNAME}'
dvidir='${docdir}'
exec_prefix='NONE'
host='i686-pc-linux-gnu'
host_alias=''
host_cpu='i686'
host_os='linux-gnu'
host_vendor='pc'
htmldir='${docdir}'
includedir='${prefix}/include'
infodir='${datarootdir}/info'
libdir='${exec_prefix}/lib'
libexecdir='${exec_prefix}/libexec'
localedir='${datarootdir}/locale'
localstatedir='${prefix}/var'
lt_ECHO='echo'
mandir='${datarootdir}/man'
oldincludedir='/usr/include'
pdfdir='${docdir}'
prefix='NONE'
program_transform_name='s,x,x,'
psdir='${docdir}'
sbindir='${exec_prefix}/sbin'
sharedstatedir='${prefix}/com'
sysconfdir='${prefix}/etc'
target_alias=''

## ----------- ##
## confdefs.h. ##
## ----------- ##

/* confdefs.h */
#define PACKAGE_NAME "exiv2"
#define PACKAGE_TARNAME "exiv2"
#define PACKAGE_VERSION "0.21.1"
#define PACKAGE_STRING "exiv2 0.21.1"
#define PACKAGE_BUGREPORT "ahuggel@gmx.net"
#define PACKAGE_URL ""
#define PACKAGE "exiv2"
#define VERSION "0.21.1"
#define ENABLE_NLS 1
#define HAVE_GETTEXT 1
#define HAVE_DCGETTEXT 1
#define STDC_HEADERS 1
#define HAVE_SYS_TYPES_H 1
#define HAVE_SYS_STAT_H 1
#define HAVE_STDLIB_H 1
#define HAVE_STRING_H 1
#define HAVE_MEMORY_H 1
#define HAVE_STRINGS_H 1
#define HAVE_INTTYPES_H 1
#define HAVE_STDINT_H 1
#define HAVE_UNISTD_H 1
#define HAVE_DLFCN_H 1
#define LT_OBJDIR ".libs/"
#define HAVE_ICONV 1
#define ICONV_CONST 
#define STDC_HEADERS 1
#define HAVE_LIBINTL_H 1
#define HAVE_LOCALE_H 1
#define HAVE_MALLOC_H 1
#define HAVE_STDINT_H 1
#define HAVE_STDLIB_H 1
#define HAVE_STRING_H 1
#define HAVE_UNISTD_H 1
#define HAVE_SYS_MMAN_H 1
#define HAVE_UTIME_H 1
#define HAVE__BOOL 1
#define HAVE_STDBOOL_H 1
#define HAVE_STDLIB_H 1
#define HAVE_UNISTD_H 1
#define HAVE_SYS_PARAM_H 1
#define HAVE_GETPAGESIZE 1
#define HAVE_MMAP 1
#define HAVE_DECL_STRERROR_R 1
#define HAVE_STRERROR_R 1
#define HAVE_GMTIME_R 1
#define HAVE_LSTAT 1
#define HAVE_MEMSET 1
#define HAVE_MMAP 1
#define HAVE_MUNMAP 1
#define HAVE_STRCHR 1
#define HAVE_STRERROR 1
#define HAVE_STRTOL 1
#define HAVE_TIMEGM 1
#define WANT_VISIBILITY_SUPPORT 1
#define HAVE_DLL 1
#define HAVE_LENSDATA 1

configure: exit 1
