This is TeX, Version 3.14159 (Web2C 7.4.5) (format=latex 2005.1.28)  12 MAY 2005 15:29
**./images.tex
(./images.tex
LaTeX2e <2001/06/01>
Babel <v3.7h> and hyphenation patterns for american, french, german, ngerman, n
ohyphenation, loaded.

(/usr/share/texmf/tex/latex/base/article.cls
Document Class: article 2001/04/21 v1.4e Standard LaTeX document class
(/usr/share/texmf/tex/latex/base/size12.clo
File: size12.clo 2001/04/21 v1.4e Standard LaTeX file (size option)
)
\c@part=\count79
\c@section=\count80
\c@subsection=\count81
\c@subsubsection=\count82
\c@paragraph=\count83
\c@subparagraph=\count84
\c@figure=\count85
\c@table=\count86
\abovecaptionskip=\skip41
\belowcaptionskip=\skip42
\bibindent=\dimen102
) (/usr/share/texmf/tex/latex/base/ifthen.sty
Package: ifthen 2001/05/26 v1.1c Standard LaTeX ifthen package (DPC)
) (/usr/share/texmf/tex/latex/graphics/color.sty
Package: color 1999/02/16 v1.0i Standard LaTeX Color (DPC)
(/usr/share/texmf/tex/latex/config/color.cfg
File: color.cfg 2001/08/31 v1.1 color configuration of teTeX/TeXLive
)
Package color Info: Driver file: dvips.def on input line 125.
(/usr/share/texmf/tex/latex/graphics/dvips.def
File: dvips.def 1999/02/16 v3.0i Driver-dependant file (DPC,SPQR)
) (/usr/share/texmf/tex/latex/graphics/dvipsnam.def
File: dvipsnam.def 1999/02/16 v3.0i Driver-dependant file (DPC,SPQR)
)) (/usr/share/texmf/tex/latex/base/inputenc.sty
Package: inputenc 2001/07/10 v0.99a Input encoding file 
)
\sizebox=\box26
\lthtmlwrite=\write3

LaTeX Warning: Unused global option(s):
    [thmsa].

(./images.aux)
\openout1 = `images.aux'.

LaTeX Font Info:    Checking defaults for OML/cmm/m/it on input line 120.
LaTeX Font Info:    ... okay on input line 120.
LaTeX Font Info:    Checking defaults for T1/cmr/m/n on input line 120.
LaTeX Font Info:    ... okay on input line 120.
LaTeX Font Info:    Checking defaults for OT1/cmr/m/n on input line 120.
LaTeX Font Info:    ... okay on input line 120.
LaTeX Font Info:    Checking defaults for OMS/cmsy/m/n on input line 120.
LaTeX Font Info:    ... okay on input line 120.
LaTeX Font Info:    Checking defaults for OMX/cmex/m/n on input line 120.
LaTeX Font Info:    ... okay on input line 120.
LaTeX Font Info:    Checking defaults for U/cmr/m/n on input line 120.
LaTeX Font Info:    ... okay on input line 120.

latex2htmlLength hsize=349.0pt

latex2htmlLength vsize=688.52245pt

latex2htmlLength hoffset=0.0pt

latex2htmlLength voffset=0.0pt

latex2htmlLength topmargin=0.0pt

latex2htmlLength topskip=0.00003pt

latex2htmlLength headheight=0.0pt

latex2htmlLength headsep=0.0pt

latex2htmlLength parskip=0.0pt plus 1.0pt

latex2htmlLength oddsidemargin=0.0pt

latex2htmlLength evensidemargin=0.0pt

LaTeX Font Info:    External font `cmex10' loaded for size
(Font)              <12> on input line 144.
LaTeX Font Info:    External font `cmex10' loaded for size
(Font)              <8> on input line 144.
LaTeX Font Info:    External font `cmex10' loaded for size
(Font)              <6> on input line 144.
l2hSize :tex2html_wrap_inline107:8.66922pt::8.66922pt::30.23267pt.
[1



]
l2hSize :tex2html_wrap_inline109:10.78033pt::10.78033pt::36.46191pt.
[2


]
l2hSize :tex2html_wrap_inline111:8.83331pt::8.83331pt::97.22437pt.
[3


]
l2hSize :tex2html_wrap_inline113:11.38145pt::11.38145pt::39.20085pt.
[4


]
l2hSize :tex2html_wrap_inline115:9.09998pt::9.09998pt::45.02576pt.
[5


]
l2hSize :tex2html_wrap_inline117:8.83331pt::8.83331pt::38.38298pt.
[6


]
l2hSize :tex2html_wrap_inline119:10.38034pt::10.38034pt::51.55905pt.
[7


]
l2hSize :tex2html_wrap_inline121:10.05815pt::10.05815pt::81.97244pt.
[8


]
l2hSize :tex2html_wrap_inline123:10.38034pt::10.38034pt::105.06235pt.
[9


]
l2hSize :tex2html_wrap_inline129:10.38034pt::10.38034pt::59.5302pt.
[10


]
l2hSize :tex2html_wrap_inline131:8.33331pt::0.0pt::52.38065pt.
[11


]
l2hSize :displaymath133:17.85555pt::0.0pt::349.0pt.
[12


]
l2hSize :displaymath135:25.08282pt::0.0pt::349.0pt.
[13


]
l2hSize :tex2html_wrap_inline137:8.25pt::8.25pt::6.74718pt.
[14


]
l2hSize :tex2html_wrap_inline139:9.09998pt::9.09998pt::46.80174pt.
[15


]
l2hSize :tex2html_wrap_inline141:10.78033pt::10.78033pt::60.5624pt.
[16


]
l2hSize :tex2html_wrap_inline143:11.21109pt::11.21109pt::84.09251pt.
[17


]
l2hSize :tex2html_wrap_inline145:8.2pt::0.0pt::11.24997pt.
[18


]
l2hSize :tex2html_wrap_inline147:9.5pt::9.5pt::107.38664pt.
[19


]
l2hSize :tex2html_wrap_inline149:10.69144pt::10.69144pt::51.75684pt.
[20


]
l2hSize :tex2html_wrap_inline151:8.7pt::8.7pt::16.23682pt.
[21


]
l2hSize :tex2html_wrap_inline153:12.08664pt::12.08664pt::56.01393pt.
[22


]
l2hSize :tex2html_wrap_inline155:10.01027pt::10.01027pt::57.2542pt.
[23


]
l2hSize :tex2html_wrap_inline157:8.7pt::8.7pt::10.20038pt.
[24


]
l2hSize :tex2html_wrap_inline159:10.78033pt::10.78033pt::41.06143pt.
[25


]
l2hSize :tex2html_wrap_inline161:10.38034pt::10.38034pt::79.3688pt.
[26


]
l2hSize :tex2html_wrap_inline163:9.5pt::9.5pt::79.0172pt.
[27


]
l2hSize :tex2html_wrap_inline165:8.83331pt::8.83331pt::49.10791pt.
[28


]
l2hSize :tex2html_wrap_inline169:7.75pt::0.0pt::7.60133pt.
[29


]
l2hSize :tex2html_wrap_inline181:10.78033pt::10.78033pt::74.03008pt.
[30


]
l2hSize :tex2html_wrap_inline183:8.25pt::8.25pt::97.87848pt.
[31


]
l2hSize :tex2html_wrap_inline185:14.48897pt::14.48897pt::89.06699pt.
[32


]
l2hSize :tex2html_wrap_inline187:9.5pt::9.5pt::74.1638pt.
[33


] (./images.aux) ) 
Here is how much of TeX's memory you used:
 613 strings out of 95847
 7710 string characters out of 1195948
 48683 words of memory out of 1000001
 3603 multiletter control sequences out of 10000+50000
 6376 words of font info for 23 fonts, out of 500000 for 1000
 14 hyphenation exceptions out of 1000
 22i,5n,19p,162b,219s stack positions out of 1500i,500n,5000p,200000b,5000s

Output written on images.dvi (33 pages, 9000 bytes).
