This is TeX, Version 3.14159 (Web2C 7.3.1) (format=latex 2002.4.12)  16 DEC 2003 09:17
**./images.tex
(./images.tex
LaTeX2e <2000/06/01>
Babel <v3.7h> and hyphenation patterns for american, french, german, ngerman, i
talian, nohyphenation, loaded.

(/usr/share/texmf/tex/latex/base/article.cls
Document Class: article 2000/05/19 v1.4b Standard LaTeX document class
(/usr/share/texmf/tex/latex/base/size12.clo
File: size12.clo 2000/05/19 v1.4b Standard LaTeX file (size option)
)
\c@part=\count79
\c@section=\count80
\c@subsection=\count81
\c@subsubsection=\count82
\c@paragraph=\count83
\c@subparagraph=\count84
\c@figure=\count85
\c@table=\count86
\abovecaptionskip=\skip41
\belowcaptionskip=\skip42
\bibindent=\dimen102
) (/usr/share/texmf/tex/latex/base/ifthen.sty
Package: ifthen 1999/09/10 v1.1b Standard LaTeX ifthen package (DPC)
) (/usr/share/texmf/tex/latex/graphics/color.sty
Package: color 1999/02/16 v1.0i Standard LaTeX Color (DPC)
(/usr/share/texmf/tex/latex/config/color.cfg)
Package color Info: Driver file: dvips.def on input line 125.
(/usr/share/texmf/tex/latex/graphics/dvips.def
File: dvips.def 1999/02/16 v3.0i Driver-dependant file (DPC,SPQR)
) (/usr/share/texmf/tex/latex/graphics/dvipsnam.def
File: dvipsnam.def 1999/02/16 v3.0i Driver-dependant file (DPC,SPQR)
)) (/usr/share/texmf/tex/latex/base/inputenc.sty
Package: inputenc 2000/07/01 v0.996 Input encoding file 
)
\sizebox=\box26
\lthtmlwrite=\write3

LaTeX Warning: Unused global option(s):
    [thmsa].

No file images.aux.
\openout1 = `images.aux'.

LaTeX Font Info:    Checking defaults for OML/cmm/m/it on input line 110.
LaTeX Font Info:    ... okay on input line 110.
LaTeX Font Info:    Checking defaults for T1/cmr/m/n on input line 110.
LaTeX Font Info:    ... okay on input line 110.
LaTeX Font Info:    Checking defaults for OT1/cmr/m/n on input line 110.
LaTeX Font Info:    ... okay on input line 110.
LaTeX Font Info:    Checking defaults for OMS/cmsy/m/n on input line 110.
LaTeX Font Info:    ... okay on input line 110.
LaTeX Font Info:    Checking defaults for OMX/cmex/m/n on input line 110.
LaTeX Font Info:    ... okay on input line 110.
LaTeX Font Info:    Checking defaults for U/cmr/m/n on input line 110.
LaTeX Font Info:    ... okay on input line 110.

latex2htmlLength hsize=349.0pt

latex2htmlLength vsize=731.88376pt

latex2htmlLength hoffset=0.0pt

latex2htmlLength voffset=0.0pt

latex2htmlLength topmargin=0.0pt

latex2htmlLength topskip=0.00003pt

latex2htmlLength headheight=0.0pt

latex2htmlLength headsep=0.0pt

latex2htmlLength parskip=0.0pt plus 1.0pt

latex2htmlLength oddsidemargin=0.0pt

latex2htmlLength evensidemargin=0.0pt

LaTeX Font Info:    External font `cmex10' loaded for size
(Font)              <12> on input line 134.
LaTeX Font Info:    External font `cmex10' loaded for size
(Font)              <8> on input line 134.
LaTeX Font Info:    External font `cmex10' loaded for size
(Font)              <6> on input line 134.
l2hSize :tex2html_wrap_inline64:10.01027pt::10.01027pt::26.42082pt.
[1



]
l2hSize :tex2html_wrap_inline66:10.01027pt::10.01027pt::26.42082pt.
[2


]
l2hSize :tex2html_wrap_inline68:10.01027pt::10.01027pt::85.31506pt.
[3


]
l2hSize :tex2html_wrap_inline70:10.01027pt::10.01027pt::85.31506pt.
[4


]
l2hSize :tex2html_wrap_inline72:10.01027pt::10.01027pt::99.59674pt.
[5


]
l2hSize :tex2html_wrap_inline74:10.01027pt::10.01027pt::109.73259pt.
[6


]
l2hSize :tex2html_wrap_inline76:9.5pt::9.5pt::52.85358pt.
[7


]
l2hSize :tex2html_wrap_inline78:9.5pt::9.5pt::74.74976pt.
[8


]
l2hSize :tex2html_wrap_inline80:10.01027pt::10.01027pt::52.64275pt.
[9


]
l2hSize :displaymath60:29.49313pt::0.0pt::349.0pt.
[10


]
l2hSize :displaymath61:29.49313pt::0.0pt::349.0pt.
[11


]
l2hSize :tex2html_wrap_inline82:9.51027pt::0.0pt::5.33759pt.
[12


]
l2hSize :tex2html_wrap_inline84:9.51027pt::0.0pt::5.33759pt.
[13


]
l2hSize :tex2html_wrap_inline86:9.51027pt::0.0pt::5.33759pt.
[14


]
l2hSize :tex2html_wrap_inline88:9.51027pt::0.0pt::5.33759pt.
[15


]
l2hSize :tex2html_wrap_inline90:9.51027pt::0.0pt::11.94879pt.
[16


] (images.aux) ) 
Here is how much of TeX's memory you used:
 597 strings out of 20887
 7332 string characters out of 196274
 48545 words of memory out of 350001
 3591 multiletter control sequences out of 10000+15000
 6376 words of font info for 23 fonts, out of 400000 for 1000
 14 hyphenation exceptions out of 10000
 22i,5n,19p,162b,219s stack positions out of 3000i,100n,1500p,50000b,4000s

Output written on images.dvi (16 pages, 4064 bytes).
